[2026-01-08T23:28:01.310761] [INFO] ======================================================================
[2026-01-08T23:28:01.310761] [INFO] Nanaka Farm 気象データ収集ワークフロー
[2026-01-08T23:28:01.310761] [INFO] ======================================================================
[2026-01-08T23:28:01.310761] [INFO] 座標: (32.8032, 130.7075)
[2026-01-08T23:28:01.310761] [INFO] 期間: 過去1日
[2026-01-08T23:28:01.310761] [INFO] モード: モック
[2026-01-08T23:28:01.310761] [INFO] === データ取得開始: LST ===
[2026-01-08T23:28:01.452287] [INFO] ✓ LSTデータ取得成功
[2026-01-08T23:28:01.452287] [INFO] === データ取得開始: NDVI ===
[2026-01-08T23:28:01.583322] [INFO] ✓ NDVIデータ取得成功
[2026-01-08T23:28:01.583322] [INFO] === HDF5ファイル処理開始 ===
[2026-01-08T23:28:01.584322] [INFO] 処理中: GC1SG1_2026010701D01D_LST.h5
[2026-01-08T23:28:02.939360] [ERROR] ✗ JSON解析失敗: GC1SG1_2026010701D01D_LST.h5 - Expecting value: line 1 column 1 (char 0)
[2026-01-08T23:28:02.939360] [INFO] 処理中: GC1SG1_2026010701D01D_NDVI.h5
[2026-01-08T23:28:04.310534] [ERROR] ✗ JSON解析失敗: GC1SG1_2026010701D01D_NDVI.h5 - Expecting value: line 1 column 1 (char 0)
[2026-01-08T23:28:04.311542] [INFO] 処理中: test_LST.h5
[2026-01-08T23:28:05.278399] [ERROR] ✗ JSON解析失敗: test_LST.h5 - Expecting value: line 1 column 1 (char 0)
[2026-01-08T23:28:05.278399] [INFO] 処理中: test_NDVI.h5
[2026-01-08T23:28:06.224324] [ERROR] ✗ JSON解析失敗: test_NDVI.h5 - Expecting value: line 1 column 1 (char 0)
[2026-01-08T23:28:06.224324] [INFO] 処理完了: 0/4 ファイル
[2026-01-08T23:28:06.224324] [INFO] Neo4j保存: 0/0 レコード
[2026-01-08T23:28:06.224324] [INFO] === サマリーレポート生成 ===
[2026-01-08T23:28:06.224324] [INFO] ✓ レポート生成完了
[2026-01-08T23:28:06.224324] [INFO]   処理ファイル数: 0
[2026-01-08T23:28:06.224324] [INFO]   NDVI平均: 0.000
[2026-01-08T23:28:06.224324] [INFO]   NDVI傾向: stable
[2026-01-08T23:28:06.225318] [INFO] ✓ レポート保存: C:\Users\Koga Hiroaki\Desktop\hiroaki_\workingFolder\nanaka-farm-automation\reports\summary_20260108_232801.json
[2026-01-08T23:28:06.225318] [INFO] ======================================================================
[2026-01-08T23:28:06.225318] [INFO] ✓ ワークフロー完了
[2026-01-08T23:28:06.225318] [INFO] ======================================================================
