[2026-01-08T23:28:44.443883] [INFO] ======================================================================
[2026-01-08T23:28:44.444383] [INFO] Nanaka Farm 気象データ収集ワークフロー
[2026-01-08T23:28:44.444383] [INFO] ======================================================================
[2026-01-08T23:28:44.444383] [INFO] 座標: (32.8032, 130.7075)
[2026-01-08T23:28:44.444383] [INFO] 期間: 過去1日
[2026-01-08T23:28:44.444383] [INFO] モード: モック
[2026-01-08T23:28:44.444383] [INFO] === データ取得開始: LST ===
[2026-01-08T23:28:44.592839] [INFO] ✓ LSTデータ取得成功
[2026-01-08T23:28:44.592839] [INFO] === データ取得開始: NDVI ===
[2026-01-08T23:28:44.720835] [INFO] ✓ NDVIデータ取得成功
[2026-01-08T23:28:44.720835] [INFO] === HDF5ファイル処理開始 ===
[2026-01-08T23:28:44.720835] [INFO] 処理中: GC1SG1_2026010701D01D_LST.h5
[2026-01-08T23:28:45.764424] [INFO] ✓ GC1SG1_2026010701D01D_LST.h5 処理成功
[2026-01-08T23:28:45.764424] [INFO] 処理中: GC1SG1_2026010701D01D_NDVI.h5
[2026-01-08T23:28:46.941777] [INFO] ✓ GC1SG1_2026010701D01D_NDVI.h5 処理成功
[2026-01-08T23:28:46.942770] [INFO] 処理中: test_LST.h5
[2026-01-08T23:28:48.247364] [INFO] ✓ test_LST.h5 処理成功
[2026-01-08T23:28:48.247364] [INFO] 処理中: test_NDVI.h5
[2026-01-08T23:28:49.416645] [INFO] ✓ test_NDVI.h5 処理成功
[2026-01-08T23:28:49.417640] [INFO] 処理完了: 4/4 ファイル
[2026-01-08T23:28:53.202676] [INFO] ✓ Neo4j保存成功: 2026-01-08
[2026-01-08T23:28:56.309813] [INFO] ✓ Neo4j保存成功: 2026-01-08
[2026-01-08T23:28:59.388392] [INFO] ✓ Neo4j保存成功: 2026-01-08
[2026-01-08T23:29:02.562058] [INFO] ✓ Neo4j保存成功: 2026-01-08
[2026-01-08T23:29:02.562058] [INFO] Neo4j保存: 4/4 レコード
[2026-01-08T23:29:02.562058] [INFO] === サマリーレポート生成 ===
[2026-01-08T23:29:02.562058] [INFO] ✓ レポート生成完了
[2026-01-08T23:29:02.562058] [INFO]   処理ファイル数: 4
[2026-01-08T23:29:02.562058] [INFO]   NDVI平均: 0.725
[2026-01-08T23:29:02.562058] [INFO]   NDVI傾向: stable
[2026-01-08T23:29:02.564303] [INFO] ✓ レポート保存: C:\Users\Koga Hiroaki\Desktop\hiroaki_\workingFolder\nanaka-farm-automation\reports\summary_20260108_232844.json
[2026-01-08T23:29:02.564303] [INFO] ======================================================================
[2026-01-08T23:29:02.564962] [INFO] ✓ ワークフロー完了
[2026-01-08T23:29:02.564962] [INFO] ======================================================================
